<?xml version="1.0" encoding="UTF-8"?>
<testsuite xmlns:xsi="http://www.w3.org/2001/XMLSchema-instance" xsi:noNamespaceSchemaLocation="https://maven.apache.org/surefire/maven-surefire-plugin/xsd/surefire-test-report.xsd" name="au.gov.digitalhealth.hl7v2.ProfileSourceCodeGeneratorTest" time="0.003" tests="1" errors="0" skipped="0" failures="0">
  <properties>
    <property name="sun.desktop" value="windows"/>
    <property name="awt.toolkit" value="sun.awt.windows.WToolkit"/>
    <property name="java.specification.version" value="11"/>
    <property name="sun.cpu.isalist" value="amd64"/>
    <property name="sun.jnu.encoding" value="Cp1252"/>
    <property name="java.class.path" value="C:\Users\jakub.sielewicz\Documents\Java\adha-hl7v2\app\target\test-classes;C:\Users\jakub.sielewicz\Documents\Java\adha-hl7v2\app\target\classes;C:\Users\jakub.sielewicz\.m2\repository\junit\junit\4.11\junit-4.11.jar;C:\Users\jakub.sielewicz\.m2\repository\org\hamcrest\hamcrest-core\1.3\hamcrest-core-1.3.jar;C:\Users\jakub.sielewicz\.m2\repository\ca\uhn\hapi\hapi-base\2.3\hapi-base-2.3.jar;C:\Users\jakub.sielewicz\.m2\repository\org\slf4j\slf4j-api\1.7.10\slf4j-api-1.7.10.jar;C:\Users\jakub.sielewicz\.m2\repository\joda-time\joda-time\2.1\joda-time-2.1.jar;C:\Users\jakub.sielewicz\.m2\repository\ca\uhn\hapi\hapi-structures-v231\2.3\hapi-structures-v231-2.3.jar;C:\Users\jakub.sielewicz\.m2\repository\ca\uhn\hapi\hapi-structures-v24\2.3\hapi-structures-v24-2.3.jar;C:\Users\jakub.sielewicz\.m2\repository\org\slf4j\slf4j-log4j12\1.7.10\slf4j-log4j12-1.7.10.jar;C:\Users\jakub.sielewicz\.m2\repository\log4j\log4j\1.2.17\log4j-1.2.17.jar;C:\Users\jakub.sielewicz\.m2\repository\ca\uhn\hapi\hapi-hl7overhttp\2.3\hapi-hl7overhttp-2.3.jar;C:\Users\jakub.sielewicz\.m2\repository\commons-lang\commons-lang\2.6\commons-lang-2.6.jar;C:\Users\jakub.sielewicz\.m2\repository\org\bouncycastle\bcprov-jdk16\1.46\bcprov-jdk16-1.46.jar;C:\Users\jakub.sielewicz\.m2\repository\org\bouncycastle\bcmail-jdk16\1.46\bcmail-jdk16-1.46.jar;C:\Users\jakub.sielewicz\.m2\repository\ca\uhn\hapi\hapi-sourcegen\2.3\hapi-sourcegen-2.3.jar;C:\Users\jakub.sielewicz\.m2\repository\mysql\mysql-connector-java\5.1.6\mysql-connector-java-5.1.6.jar;C:\Users\jakub.sielewicz\.m2\repository\org\codehaus\plexus\plexus-utils\1.5.1\plexus-utils-1.5.1.jar;C:\Users\jakub.sielewicz\.m2\repository\org\apache\velocity\velocity\1.7\velocity-1.7.jar;C:\Users\jakub.sielewicz\.m2\repository\org\apache\velocity\velocity-tools\2.0\velocity-tools-2.0.jar;C:\Users\jakub.sielewicz\.m2\repository\commons-beanutils\commons-beanutils\1.7.0\commons-beanutils-1.7.0.jar;C:\Users\jakub.sielewicz\.m2\repository\commons-digester\commons-digester\1.8\commons-digester-1.8.jar;C:\Users\jakub.sielewicz\.m2\repository\commons-chain\commons-chain\1.1\commons-chain-1.1.jar;C:\Users\jakub.sielewicz\.m2\repository\commons-logging\commons-logging\1.1\commons-logging-1.1.jar;C:\Users\jakub.sielewicz\.m2\repository\javax\servlet\servlet-api\2.3\servlet-api-2.3.jar;C:\Users\jakub.sielewicz\.m2\repository\commons-validator\commons-validator\1.3.1\commons-validator-1.3.1.jar;C:\Users\jakub.sielewicz\.m2\repository\dom4j\dom4j\1.1\dom4j-1.1.jar;C:\Users\jakub.sielewicz\.m2\repository\oro\oro\2.0.8\oro-2.0.8.jar;C:\Users\jakub.sielewicz\.m2\repository\sslext\sslext\1.2-0\sslext-1.2-0.jar;C:\Users\jakub.sielewicz\.m2\repository\org\apache\struts\struts-core\1.3.8\struts-core-1.3.8.jar;C:\Users\jakub.sielewicz\.m2\repository\antlr\antlr\2.7.2\antlr-2.7.2.jar;C:\Users\jakub.sielewicz\.m2\repository\org\apache\struts\struts-taglib\1.3.8\struts-taglib-1.3.8.jar;C:\Users\jakub.sielewicz\.m2\repository\org\apache\struts\struts-tiles\1.3.8\struts-tiles-1.3.8.jar;C:\Users\jakub.sielewicz\.m2\repository\commons-collections\commons-collections\3.2.1\commons-collections-3.2.1.jar;C:\Users\jakub.sielewicz\.m2\repository\commons-io\commons-io\2.0.1\commons-io-2.0.1.jar;C:\Users\jakub.sielewicz\.m2\repository\org\springframework\spring\2.5.6\spring-2.5.6.jar;C:\Users\jakub.sielewicz\.m2\repository\org\apache\maven\maven-project\2.2.0\maven-project-2.2.0.jar;C:\Users\jakub.sielewicz\.m2\repository\org\apache\maven\maven-profile\2.2.0\maven-profile-2.2.0.jar;C:\Users\jakub.sielewicz\.m2\repository\org\apache\maven\maven-model\2.2.0\maven-model-2.2.0.jar;C:\Users\jakub.sielewicz\.m2\repository\org\apache\maven\maven-artifact-manager\2.2.0\maven-artifact-manager-2.2.0.jar;C:\Users\jakub.sielewicz\.m2\repository\backport-util-concurrent\backport-util-concurrent\3.1\backport-util-concurrent-3.1.jar;C:\Users\jakub.sielewicz\.m2\repository\org\apache\maven\maven-plugin-registry\2.2.0\maven-plugin-registry-2.2.0.jar;C:\Users\jakub.sielewicz\.m2\repository\org\codehaus\plexus\plexus-interpolation\1.11\plexus-interpolation-1.11.jar;C:\Users\jakub.sielewicz\.m2\repository\org\apache\maven\maven-artifact\2.2.0\maven-artifact-2.2.0.jar;C:\Users\jakub.sielewicz\.m2\repository\org\codehaus\plexus\plexus-container-default\1.0-alpha-9-stable-1\plexus-container-default-1.0-alpha-9-stable-1.jar;C:\Users\jakub.sielewicz\.m2\repository\org\apache\maven\maven-core\2.2.0\maven-core-2.2.0.jar;C:\Users\jakub.sielewicz\.m2\repository\org\apache\maven\wagon\wagon-file\1.0-beta-6\wagon-file-1.0-beta-6.jar;C:\Users\jakub.sielewicz\.m2\repository\org\apache\maven\maven-plugin-parameter-documenter\2.2.0\maven-plugin-parameter-documenter-2.2.0.jar;C:\Users\jakub.sielewicz\.m2\repository\org\apache\maven\wagon\wagon-webdav-jackrabbit\1.0-beta-6\wagon-webdav-jackrabbit-1.0-beta-6.jar;C:\Users\jakub.sielewicz\.m2\repository\org\apache\maven\wagon\wagon-http-shared\1.0-beta-6\wagon-http-shared-1.0-beta-6.jar;C:\Users\jakub.sielewicz\.m2\repository\nekohtml\xercesMinimal\1.9.6.2\xercesMinimal-1.9.6.2.jar;C:\Users\jakub.sielewicz\.m2\repository\nekohtml\nekohtml\1.9.6.2\nekohtml-1.9.6.2.jar;C:\Users\jakub.sielewicz\.m2\repository\commons-httpclient\commons-httpclient\3.1\commons-httpclient-3.1.jar;C:\Users\jakub.sielewicz\.m2\repository\commons-codec\commons-codec\1.2\commons-codec-1.2.jar;C:\Users\jakub.sielewicz\.m2\repository\org\apache\jackrabbit\jackrabbit-webdav\1.5.0\jackrabbit-webdav-1.5.0.jar;C:\Users\jakub.sielewicz\.m2\repository\org\apache\jackrabbit\jackrabbit-jcr-commons\1.5.0\jackrabbit-jcr-commons-1.5.0.jar;C:\Users\jakub.sielewicz\.m2\repository\org\apache\maven\wagon\wagon-http\1.0-beta-6\wagon-http-1.0-beta-6.jar;C:\Users\jakub.sielewicz\.m2\repository\org\apache\maven\reporting\maven-reporting-api\2.2.0\maven-reporting-api-2.2.0.jar;C:\Users\jakub.sielewicz\.m2\repository\org\apache\maven\doxia\doxia-sink-api\1.1\doxia-sink-api-1.1.jar;C:\Users\jakub.sielewicz\.m2\repository\org\apache\maven\doxia\doxia-logging-api\1.1\doxia-logging-api-1.1.jar;C:\Users\jakub.sielewicz\.m2\repository\org\apache\maven\wagon\wagon-provider-api\1.0-beta-6\wagon-provider-api-1.0-beta-6.jar;C:\Users\jakub.sielewicz\.m2\repository\org\apache\maven\maven-repository-metadata\2.2.0\maven-repository-metadata-2.2.0.jar;C:\Users\jakub.sielewicz\.m2\repository\org\apache\maven\maven-error-diagnostics\2.2.0\maven-error-diagnostics-2.2.0.jar;C:\Users\jakub.sielewicz\.m2\repository\commons-cli\commons-cli\1.2\commons-cli-1.2.jar;C:\Users\jakub.sielewicz\.m2\repository\org\apache\maven\wagon\wagon-ssh-external\1.0-beta-6\wagon-ssh-external-1.0-beta-6.jar;C:\Users\jakub.sielewicz\.m2\repository\org\apache\maven\wagon\wagon-ssh-common\1.0-beta-6\wagon-ssh-common-1.0-beta-6.jar;C:\Users\jakub.sielewicz\.m2\repository\org\apache\maven\maven-plugin-descriptor\2.2.0\maven-plugin-descriptor-2.2.0.jar;C:\Users\jakub.sielewicz\.m2\repository\org\codehaus\plexus\plexus-interactivity-api\1.0-alpha-4\plexus-interactivity-api-1.0-alpha-4.jar;C:\Users\jakub.sielewicz\.m2\repository\org\apache\maven\maven-monitor\2.2.0\maven-monitor-2.2.0.jar;C:\Users\jakub.sielewicz\.m2\repository\org\apache\maven\wagon\wagon-ssh\1.0-beta-6\wagon-ssh-1.0-beta-6.jar;C:\Users\jakub.sielewicz\.m2\repository\com\jcraft\jsch\0.1.38\jsch-0.1.38.jar;C:\Users\jakub.sielewicz\.m2\repository\classworlds\classworlds\1.1\classworlds-1.1.jar;C:\Users\jakub.sielewicz\.m2\repository\org\sonatype\plexus\plexus-sec-dispatcher\1.3\plexus-sec-dispatcher-1.3.jar;C:\Users\jakub.sielewicz\.m2\repository\org\sonatype\plexus\plexus-cipher\1.4\plexus-cipher-1.4.jar;C:\Users\jakub.sielewicz\.m2\repository\org\slf4j\slf4j-jdk14\1.7.10\slf4j-jdk14-1.7.10.jar;C:\Users\jakub.sielewicz\.m2\repository\org\apache\maven\maven-plugin-api\2.2.0\maven-plugin-api-2.2.0.jar;C:\Users\jakub.sielewicz\.m2\repository\org\apache\maven\maven-settings\2.2.0\maven-settings-2.2.0.jar;C:\Users\jakub.sielewicz\.m2\repository\org\json\json\20180813\json-20180813.jar;"/>
    <property name="java.vm.vendor" value="Oracle Corporation"/>
    <property name="sun.arch.data.model" value="64"/>
    <property name="user.variant" value=""/>
    <property name="java.vendor.url" value="http://java.oracle.com/"/>
    <property name="user.timezone" value="Australia/Brisbane"/>
    <property name="java.vm.specification.version" value="11"/>
    <property name="os.name" value="Windows 10"/>
    <property name="sun.java.launcher" value="SUN_STANDARD"/>
    <property name="user.country" value="AU"/>
    <property name="sun.boot.library.path" value="C:\Program Files\Java\jdk-11.0.1\bin"/>
    <property name="sun.java.command" value="C:\Users\JAKUB~1.SIE\AppData\Local\Temp\surefire3561651344260874770\surefirebooter14367034657669132124.jar C:\Users\jakub.sielewicz\AppData\Local\Temp\surefire3561651344260874770 2019-07-25T09-53-00_320-jvmRun1 surefire11998989968593933813tmp surefire_07710541745929666020tmp"/>
    <property name="jdk.debug" value="release"/>
    <property name="surefire.test.class.path" value="C:\Users\jakub.sielewicz\Documents\Java\adha-hl7v2\app\target\test-classes;C:\Users\jakub.sielewicz\Documents\Java\adha-hl7v2\app\target\classes;C:\Users\jakub.sielewicz\.m2\repository\junit\junit\4.11\junit-4.11.jar;C:\Users\jakub.sielewicz\.m2\repository\org\hamcrest\hamcrest-core\1.3\hamcrest-core-1.3.jar;C:\Users\jakub.sielewicz\.m2\repository\ca\uhn\hapi\hapi-base\2.3\hapi-base-2.3.jar;C:\Users\jakub.sielewicz\.m2\repository\org\slf4j\slf4j-api\1.7.10\slf4j-api-1.7.10.jar;C:\Users\jakub.sielewicz\.m2\repository\joda-time\joda-time\2.1\joda-time-2.1.jar;C:\Users\jakub.sielewicz\.m2\repository\ca\uhn\hapi\hapi-structures-v231\2.3\hapi-structures-v231-2.3.jar;C:\Users\jakub.sielewicz\.m2\repository\ca\uhn\hapi\hapi-structures-v24\2.3\hapi-structures-v24-2.3.jar;C:\Users\jakub.sielewicz\.m2\repository\org\slf4j\slf4j-log4j12\1.7.10\slf4j-log4j12-1.7.10.jar;C:\Users\jakub.sielewicz\.m2\repository\log4j\log4j\1.2.17\log4j-1.2.17.jar;C:\Users\jakub.sielewicz\.m2\repository\ca\uhn\hapi\hapi-hl7overhttp\2.3\hapi-hl7overhttp-2.3.jar;C:\Users\jakub.sielewicz\.m2\repository\commons-lang\commons-lang\2.6\commons-lang-2.6.jar;C:\Users\jakub.sielewicz\.m2\repository\org\bouncycastle\bcprov-jdk16\1.46\bcprov-jdk16-1.46.jar;C:\Users\jakub.sielewicz\.m2\repository\org\bouncycastle\bcmail-jdk16\1.46\bcmail-jdk16-1.46.jar;C:\Users\jakub.sielewicz\.m2\repository\ca\uhn\hapi\hapi-sourcegen\2.3\hapi-sourcegen-2.3.jar;C:\Users\jakub.sielewicz\.m2\repository\mysql\mysql-connector-java\5.1.6\mysql-connector-java-5.1.6.jar;C:\Users\jakub.sielewicz\.m2\repository\org\codehaus\plexus\plexus-utils\1.5.1\plexus-utils-1.5.1.jar;C:\Users\jakub.sielewicz\.m2\repository\org\apache\velocity\velocity\1.7\velocity-1.7.jar;C:\Users\jakub.sielewicz\.m2\repository\org\apache\velocity\velocity-tools\2.0\velocity-tools-2.0.jar;C:\Users\jakub.sielewicz\.m2\repository\commons-beanutils\commons-beanutils\1.7.0\commons-beanutils-1.7.0.jar;C:\Users\jakub.sielewicz\.m2\repository\commons-digester\commons-digester\1.8\commons-digester-1.8.jar;C:\Users\jakub.sielewicz\.m2\repository\commons-chain\commons-chain\1.1\commons-chain-1.1.jar;C:\Users\jakub.sielewicz\.m2\repository\commons-logging\commons-logging\1.1\commons-logging-1.1.jar;C:\Users\jakub.sielewicz\.m2\repository\javax\servlet\servlet-api\2.3\servlet-api-2.3.jar;C:\Users\jakub.sielewicz\.m2\repository\commons-validator\commons-validator\1.3.1\commons-validator-1.3.1.jar;C:\Users\jakub.sielewicz\.m2\repository\dom4j\dom4j\1.1\dom4j-1.1.jar;C:\Users\jakub.sielewicz\.m2\repository\oro\oro\2.0.8\oro-2.0.8.jar;C:\Users\jakub.sielewicz\.m2\repository\sslext\sslext\1.2-0\sslext-1.2-0.jar;C:\Users\jakub.sielewicz\.m2\repository\org\apache\struts\struts-core\1.3.8\struts-core-1.3.8.jar;C:\Users\jakub.sielewicz\.m2\repository\antlr\antlr\2.7.2\antlr-2.7.2.jar;C:\Users\jakub.sielewicz\.m2\repository\org\apache\struts\struts-taglib\1.3.8\struts-taglib-1.3.8.jar;C:\Users\jakub.sielewicz\.m2\repository\org\apache\struts\struts-tiles\1.3.8\struts-tiles-1.3.8.jar;C:\Users\jakub.sielewicz\.m2\repository\commons-collections\commons-collections\3.2.1\commons-collections-3.2.1.jar;C:\Users\jakub.sielewicz\.m2\repository\commons-io\commons-io\2.0.1\commons-io-2.0.1.jar;C:\Users\jakub.sielewicz\.m2\repository\org\springframework\spring\2.5.6\spring-2.5.6.jar;C:\Users\jakub.sielewicz\.m2\repository\org\apache\maven\maven-project\2.2.0\maven-project-2.2.0.jar;C:\Users\jakub.sielewicz\.m2\repository\org\apache\maven\maven-profile\2.2.0\maven-profile-2.2.0.jar;C:\Users\jakub.sielewicz\.m2\repository\org\apache\maven\maven-model\2.2.0\maven-model-2.2.0.jar;C:\Users\jakub.sielewicz\.m2\repository\org\apache\maven\maven-artifact-manager\2.2.0\maven-artifact-manager-2.2.0.jar;C:\Users\jakub.sielewicz\.m2\repository\backport-util-concurrent\backport-util-concurrent\3.1\backport-util-concurrent-3.1.jar;C:\Users\jakub.sielewicz\.m2\repository\org\apache\maven\maven-plugin-registry\2.2.0\maven-plugin-registry-2.2.0.jar;C:\Users\jakub.sielewicz\.m2\repository\org\codehaus\plexus\plexus-interpolation\1.11\plexus-interpolation-1.11.jar;C:\Users\jakub.sielewicz\.m2\repository\org\apache\maven\maven-artifact\2.2.0\maven-artifact-2.2.0.jar;C:\Users\jakub.sielewicz\.m2\repository\org\codehaus\plexus\plexus-container-default\1.0-alpha-9-stable-1\plexus-container-default-1.0-alpha-9-stable-1.jar;C:\Users\jakub.sielewicz\.m2\repository\org\apache\maven\maven-core\2.2.0\maven-core-2.2.0.jar;C:\Users\jakub.sielewicz\.m2\repository\org\apache\maven\wagon\wagon-file\1.0-beta-6\wagon-file-1.0-beta-6.jar;C:\Users\jakub.sielewicz\.m2\repository\org\apache\maven\maven-plugin-parameter-documenter\2.2.0\maven-plugin-parameter-documenter-2.2.0.jar;C:\Users\jakub.sielewicz\.m2\repository\org\apache\maven\wagon\wagon-webdav-jackrabbit\1.0-beta-6\wagon-webdav-jackrabbit-1.0-beta-6.jar;C:\Users\jakub.sielewicz\.m2\repository\org\apache\maven\wagon\wagon-http-shared\1.0-beta-6\wagon-http-shared-1.0-beta-6.jar;C:\Users\jakub.sielewicz\.m2\repository\nekohtml\xercesMinimal\1.9.6.2\xercesMinimal-1.9.6.2.jar;C:\Users\jakub.sielewicz\.m2\repository\nekohtml\nekohtml\1.9.6.2\nekohtml-1.9.6.2.jar;C:\Users\jakub.sielewicz\.m2\repository\commons-httpclient\commons-httpclient\3.1\commons-httpclient-3.1.jar;C:\Users\jakub.sielewicz\.m2\repository\commons-codec\commons-codec\1.2\commons-codec-1.2.jar;C:\Users\jakub.sielewicz\.m2\repository\org\apache\jackrabbit\jackrabbit-webdav\1.5.0\jackrabbit-webdav-1.5.0.jar;C:\Users\jakub.sielewicz\.m2\repository\org\apache\jackrabbit\jackrabbit-jcr-commons\1.5.0\jackrabbit-jcr-commons-1.5.0.jar;C:\Users\jakub.sielewicz\.m2\repository\org\apache\maven\wagon\wagon-http\1.0-beta-6\wagon-http-1.0-beta-6.jar;C:\Users\jakub.sielewicz\.m2\repository\org\apache\maven\reporting\maven-reporting-api\2.2.0\maven-reporting-api-2.2.0.jar;C:\Users\jakub.sielewicz\.m2\repository\org\apache\maven\doxia\doxia-sink-api\1.1\doxia-sink-api-1.1.jar;C:\Users\jakub.sielewicz\.m2\repository\org\apache\maven\doxia\doxia-logging-api\1.1\doxia-logging-api-1.1.jar;C:\Users\jakub.sielewicz\.m2\repository\org\apache\maven\wagon\wagon-provider-api\1.0-beta-6\wagon-provider-api-1.0-beta-6.jar;C:\Users\jakub.sielewicz\.m2\repository\org\apache\maven\maven-repository-metadata\2.2.0\maven-repository-metadata-2.2.0.jar;C:\Users\jakub.sielewicz\.m2\repository\org\apache\maven\maven-error-diagnostics\2.2.0\maven-error-diagnostics-2.2.0.jar;C:\Users\jakub.sielewicz\.m2\repository\commons-cli\commons-cli\1.2\commons-cli-1.2.jar;C:\Users\jakub.sielewicz\.m2\repository\org\apache\maven\wagon\wagon-ssh-external\1.0-beta-6\wagon-ssh-external-1.0-beta-6.jar;C:\Users\jakub.sielewicz\.m2\repository\org\apache\maven\wagon\wagon-ssh-common\1.0-beta-6\wagon-ssh-common-1.0-beta-6.jar;C:\Users\jakub.sielewicz\.m2\repository\org\apache\maven\maven-plugin-descriptor\2.2.0\maven-plugin-descriptor-2.2.0.jar;C:\Users\jakub.sielewicz\.m2\repository\org\codehaus\plexus\plexus-interactivity-api\1.0-alpha-4\plexus-interactivity-api-1.0-alpha-4.jar;C:\Users\jakub.sielewicz\.m2\repository\org\apache\maven\maven-monitor\2.2.0\maven-monitor-2.2.0.jar;C:\Users\jakub.sielewicz\.m2\repository\org\apache\maven\wagon\wagon-ssh\1.0-beta-6\wagon-ssh-1.0-beta-6.jar;C:\Users\jakub.sielewicz\.m2\repository\com\jcraft\jsch\0.1.38\jsch-0.1.38.jar;C:\Users\jakub.sielewicz\.m2\repository\classworlds\classworlds\1.1\classworlds-1.1.jar;C:\Users\jakub.sielewicz\.m2\repository\org\sonatype\plexus\plexus-sec-dispatcher\1.3\plexus-sec-dispatcher-1.3.jar;C:\Users\jakub.sielewicz\.m2\repository\org\sonatype\plexus\plexus-cipher\1.4\plexus-cipher-1.4.jar;C:\Users\jakub.sielewicz\.m2\repository\org\slf4j\slf4j-jdk14\1.7.10\slf4j-jdk14-1.7.10.jar;C:\Users\jakub.sielewicz\.m2\repository\org\apache\maven\maven-plugin-api\2.2.0\maven-plugin-api-2.2.0.jar;C:\Users\jakub.sielewicz\.m2\repository\org\apache\maven\maven-settings\2.2.0\maven-settings-2.2.0.jar;C:\Users\jakub.sielewicz\.m2\repository\org\json\json\20180813\json-20180813.jar;"/>
    <property name="sun.cpu.endian" value="little"/>
    <property name="user.home" value="C:\Users\jakub.sielewicz"/>
    <property name="user.language" value="en"/>
    <property name="java.specification.vendor" value="Oracle Corporation"/>
    <property name="java.version.date" value="2018-10-16"/>
    <property name="java.home" value="C:\Program Files\Java\jdk-11.0.1"/>
    <property name="file.separator" value="\"/>
    <property name="basedir" value="C:\Users\jakub.sielewicz\Documents\Java\adha-hl7v2\app"/>
    <property name="java.vm.compressedOopsMode" value="32-bit"/>
    <property name="line.separator" value="&#10;"/>
    <property name="java.specification.name" value="Java Platform API Specification"/>
    <property name="java.vm.specification.vendor" value="Oracle Corporation"/>
    <property name="java.awt.graphicsenv" value="sun.awt.Win32GraphicsEnvironment"/>
    <property name="surefire.real.class.path" value="C:\Users\JAKUB~1.SIE\AppData\Local\Temp\surefire3561651344260874770\surefirebooter14367034657669132124.jar"/>
    <property name="user.script" value=""/>
    <property name="sun.management.compiler" value="HotSpot 64-Bit Tiered Compilers"/>
    <property name="java.runtime.version" value="11.0.1+13-LTS"/>
    <property name="user.name" value="Jakub.Sielewicz"/>
    <property name="path.separator" value=";"/>
    <property name="os.version" value="10.0"/>
    <property name="java.runtime.name" value="Java(TM) SE Runtime Environment"/>
    <property name="file.encoding" value="Cp1252"/>
    <property name="java.vm.name" value="Java HotSpot(TM) 64-Bit Server VM"/>
    <property name="java.vendor.version" value="18.9"/>
    <property name="localRepository" value="C:\Users\jakub.sielewicz\.m2\repository"/>
    <property name="java.vendor.url.bug" value="http://bugreport.java.com/bugreport/"/>
    <property name="java.io.tmpdir" value="C:\Users\JAKUB~1.SIE\AppData\Local\Temp\"/>
    <property name="java.version" value="11.0.1"/>
    <property name="user.dir" value="C:\Users\jakub.sielewicz\Documents\Java\adha-hl7v2\app"/>
    <property name="os.arch" value="amd64"/>
    <property name="java.vm.specification.name" value="Java Virtual Machine Specification"/>
    <property name="java.awt.printerjob" value="sun.awt.windows.WPrinterJob"/>
    <property name="sun.os.patch.level" value=""/>
    <property name="java.library.path" value="C:\Program Files\Java\jdk-11.0.1\bin;C:\WINDOWS\Sun\Java\bin;C:\WINDOWS\system32;C:\WINDOWS;C:\Users\jakub.sielewicz\bin;C:\Program Files\Git\mingw64\bin;C:\Program Files\Git\usr\local\bin;C:\Program Files\Git\usr\bin;C:\Program Files\Git\usr\bin;C:\Program Files\Git\mingw64\bin;C:\Program Files\Git\usr\bin;C:\Users\jakub.sielewicz\bin;C:\ProgramData\DockerDesktop\version-bin;C:\Program Files\Docker\Docker\Resources\bin;C:\Program Files\Java\jdk-11.0.1\bin;C:\WINDOWS\system32;C:\WINDOWS;C:\WINDOWS\System32\Wbem;C:\WINDOWS\System32\WindowsPowerShell\v1.0;C:\Program Files\Intel\WiFi\bin;C:\Program Files\Common Files\Intel\WirelessCommon;C:\WINDOWS\System32\OpenSSH;C:\Program Files\Git\cmd;C:\Users\jakub.sielewicz\.m2\repository;C:\Users\jakub.sielewicz\code\apache-maven-3.5.4;C:\Octave\Octave-4.4.1\bin;C:\Program Files\nodejs;C:\Go\bin;C:\Gradle\gradle-5.4.1\bin;C:\Ruby25-x64\bin;C:\Users\jakub.sielewicz\AppData\Local\Programs\Python\Python37\Scripts;C:\Users\jakub.sielewicz\AppData\Local\Programs\Python\Python37;C:\Users\jakub.sielewicz\AppData\Local\Microsoft\WindowsApps;C:\Users\jakub.sielewicz\AppData\Local\Programs\Microsoft VS Code\bin;C:\Octave\Octave-4.4.1\bin;C:\Users\jakub.sielewicz\AppData\Local\GitHubDesktop\bin;C:\Users\jakub.sielewicz\AppData\Roaming\npm;C:\Users\jakub.sielewicz\Ubuntu;C:\Users\jakub.sielewicz\go\bin;C:\Users\jakub.sielewicz\Documents\Java\apache-maven-3.6.1\bin;C:\Program Files\Git\usr\bin\vendor_perl;C:\Program Files\Git\usr\bin\core_perl;C:\Program Files (x86)\GnuWin32\bin;C:\Users\jakub.sielewicz\code\apache-maven-3.5.4\bin;C:\Users\jakub.sielewicz\.m2\repository;."/>
    <property name="java.vendor" value="Oracle Corporation"/>
    <property name="java.vm.info" value="mixed mode"/>
    <property name="java.vm.version" value="11.0.1+13-LTS"/>
    <property name="sun.io.unicode.encoding" value="UnicodeLittle"/>
    <property name="java.class.version" value="55.0"/>
  </properties>
  <testcase name="shouldAnswerWithTrue" classname="au.gov.digitalhealth.hl7v2.ProfileSourceCodeGeneratorTest" time="0"/>
</testsuite>